

 --------------- Initial Molecule Information --------------- 


Overlap Matrix (S):
 [[1.00000143 0.4507506 ]
 [0.4507506  1.00000143]]

Kinetic Matrix (T):
 [[2.16451943 0.16700512]
 [0.16700512 0.76003294]]

Potential Matrix (V):
 [[-4.8172567  -1.51418818]
 [-1.51418818 -2.49186134]]

Hamiltonian Matrix (H):
 [[-2.65273727 -1.34718307]
 [-1.34718307 -1.7318284 ]]

Bielectronic Tensor (ij|kl):
 I  J  K  L     (ij|kl)
 ---------- - --------------- 
 1  1  1  1   1.3072140759716149
 1  1  1  2   0.4372762676520002
 1  1  2  1   0.4372762676520001
 1  1  2  2   0.605706069703389
 1  2  1  1   0.43727626765200045
 1  2  1  2   0.17725640345627774
 1  2  2  1   0.17725640345627772
 1  2  2  2   0.3117813516246917
 2  1  1  1   0.43727626765200023
 2  1  1  2   0.17725640345627774
 2  1  2  1   0.17725640345627774
 2  1  2  2   0.3117813516246918
 2  2  1  1   0.6057060697033892
 2  2  1  2   0.3117813516246918
 2  2  2  1   0.3117813516246919
 2  2  2  2   0.7746083600328784

Squareroot inverse of S:
 [[1.34931901 0.        ]
 [0.         0.83023953]]

Unitary Matrix U:
 [[ 0.70710678 -0.70710678]
 [-0.70710678 -0.70710678]]

Transformation Matrix X:
 [[ 0.95411262 -0.587068  ]
 [-0.95411262 -0.587068  ]]

Matrix product X.TSX = 1:
 [[ 1.00000000e+00  6.37188550e-17]
 [-4.81245937e-17  1.00000000e+00]]

Guess P0
 [[0. 0.]
 [0. 0.]]


 --------------- Entering SCF loop --------------- 


 ---------- SCF Iternation: 1  

Bielectronic Matrix G:
 [[0. 0.]
 [0. 0.]]

Fock Matrix F:
 [[-2.65273727 -1.34718307]
 [-1.34718307 -1.7318284 ]]

Transformed Fock Matrix Ft:
 [[-1.53864086  0.51582776]
 [ 0.51582776 -2.43974563]]

Orbital Energies e:
 [-2.67408428 -1.30430221]

Orbital Coeffitients C:
 [[-0.92913242 -0.62585356]
 [-0.13986194  1.11149376]]

Density Matrix P:
 [[1.72657412 0.25990053]
 [0.25990053 0.03912273]]

Electronic Energy: 
 -5.3481685522502165

 ---------- SCF Iternation: 2  

Bielectronic Matrix G:
 [[1.26237883 0.3739857 ]
 [0.3739857  0.9889578 ]]

Fock Matrix F:
 [[-1.39035845 -0.97319737]
 [-0.97319737 -0.7428706 ]]

Transformed Fock Matrix Ft:
 [[-0.17008105  0.36267671]
 [ 0.36267671 -1.4060376 ]]

Orbital Energies e:
 [-1.5046007  -0.07151794]

Orbital Coeffitients C:
 [[-0.81673954 -0.76675697]
 [-0.3163005   1.07467843]]

Density Matrix P:
 [[1.33412696 0.51667025]
 [0.51667025 0.20009201]]

Electronic Energy: 
 -4.143456779217531

 ---------- SCF Iternation: 3  

Bielectronic Matrix G:
 [[1.20138556 0.30378302]
 [0.30378302 0.92843214]]

Fock Matrix F:
 [[-1.45135172 -1.04340005]
 [-1.04340005 -0.80339625]]

Transformed Fock Matrix Ft:
 [[-0.15288814  0.36293864]
 [ 0.36293864 -1.4963095 ]]

Orbital Energies e:
 [-1.5880906  -0.06110705]

Orbital Coeffitients C:
 [[-0.80306695 -0.78106543]
 [-0.33523586  1.06892313]]

Density Matrix P:
 [[1.28983306 0.53843369]
 [0.53843369 0.22476617]]

Electronic Energy: 
 -4.218881676143373

 ---------- SCF Iternation: 4  

Bielectronic Matrix G:
 [[1.19470985 0.2971406 ]
 [0.2971406  0.92187059]]

Fock Matrix F:
 [[-1.45802742 -1.05004247]
 [-1.05004247 -0.80995781]]

Transformed Fock Matrix Ft:
 [[-0.15284482  0.36300258]
 [ 0.36300258 -1.50545031]]

Orbital Energies e:
 [-1.59671273 -0.06158241]

Orbital Coeffitients C:
 [[-0.80198415 -0.78217719]
 [-0.33671635  1.06845769]]

Density Matrix P:
 [[1.28635715 0.54008236]
 [0.54008236 0.22675581]]

Electronic Energy: 
 -4.226837380572169

 ---------- SCF Iternation: 5  

Bielectronic Matrix G:
 [[1.19418769 0.29662985]
 [0.29662985 0.92135789]]

Fock Matrix F:
 [[-1.45854958 -1.05055322]
 [-1.05055322 -0.81047051]]

Transformed Fock Matrix Ft:
 [[-0.15285698  0.36300788]
 [ 0.36300788 -1.50615903]]

Orbital Energies e:
 [-1.59738256 -0.06163346]

Orbital Coeffitients C:
 [[-0.80190263 -0.78226076]
 [-0.3368277   1.06842259]]

Density Matrix P:
 [[1.28609566 0.54020604]
 [0.54020604 0.2269058 ]]

Electronic Energy: 
 -4.227456884609977

 ---------- SCF Iternation: 6  

Bielectronic Matrix G:
 [[1.19414842 0.29659148]
 [0.29659148 0.92131933]]

Fock Matrix F:
 [[-1.45858885 -1.05059158]
 [-1.05059158 -0.81050906]]

Transformed Fock Matrix Ft:
 [[-0.15285799  0.36300828]
 [ 0.36300828 -1.5062123 ]]

Orbital Energies e:
 [-1.59743291 -0.06163738]

Orbital Coeffitients C:
 [[-0.80189652 -0.78226703]
 [-0.33683605  1.06841996]]

Density Matrix P:
 [[1.28607606 0.54021531]
 [0.54021531 0.22691704]]

Electronic Energy: 
 -4.227503459952025


 --------------- Ending SCF loop. CONVERGED! --------------- 


Number of SCF iterations: 6

Electronic Energy: Eelec = -4.227503459952025
Nuclear Repulsion:   Vnn =  1.366867140513942
Total Energy:          E =  -2.8606363194380835

Orbital Energies e:
 [-1.59743291 -0.06163738]

Orbital Coeffitients C:
 [[-0.80189652 -0.78226703]
 [-0.33683605  1.06841996]]

Mulliken Population Matrix:
 [[1.52958026 1.11991563]
 [0.64249907 0.47041974]]

